<?xml version="1.0" encoding="UTF-8"?>
<testng-results ignored="0" total="1" passed="1" failed="0" skipped="0">
  <reporter-output>
  </reporter-output>
  <suite started-at="2023-08-06T16:50:30 IST" name="Default suite" finished-at="2023-08-06T16:50:30 IST" duration-ms="48">
    <groups>
    </groups>
    <test started-at="2023-08-06T16:50:30 IST" name="Default test" finished-at="2023-08-06T16:50:30 IST" duration-ms="48">
      <class name="demo.Pjt1Test">
        <test-method signature="m1Test()[pri:0, instance:demo.Pjt1Test@418e7838]" started-at="2023-08-06T16:50:30 IST" name="m1Test" finished-at="2023-08-06T16:50:30 IST" duration-ms="9" status="PASS">
          <reporter-output>
          </reporter-output>
        </test-method> <!-- m1Test -->
      </class> <!-- demo.Pjt1Test -->
    </test> <!-- Default test -->
  </suite> <!-- Default suite -->
</testng-results>
